0 info it worked if it ends with ok
1 verbose cli [ '/usr/local/bin/node',
1 verbose cli   '/usr/local/bin/npm',
1 verbose cli   'install',
1 verbose cli   'douban.fm',
1 verbose cli   '-g' ]
2 info using npm@2.15.1
3 info using node@v4.4.3
4 verbose install initial load of /usr/local/lib/package.json
5 verbose readDependencies loading dependencies from /usr/local/lib/package.json
6 silly cache add args [ 'douban.fm', null ]
7 verbose cache add spec douban.fm
8 silly cache add parsed spec Result {
8 silly cache add   raw: 'douban.fm',
8 silly cache add   scope: null,
8 silly cache add   name: 'douban.fm',
8 silly cache add   rawSpec: '',
8 silly cache add   spec: 'latest',
8 silly cache add   type: 'tag' }
9 silly addNamed douban.fm@latest
10 verbose addNamed "latest" is being treated as a dist-tag for douban.fm
11 info addNameTag [ 'douban.fm', 'latest' ]
12 silly mapToRegistry name douban.fm
13 silly mapToRegistry using default registry
14 silly mapToRegistry registry https://registry.npmjs.org/
15 silly mapToRegistry data Result {
15 silly mapToRegistry   raw: 'douban.fm',
15 silly mapToRegistry   scope: null,
15 silly mapToRegistry   name: 'douban.fm',
15 silly mapToRegistry   rawSpec: '',
15 silly mapToRegistry   spec: 'latest',
15 silly mapToRegistry   type: 'tag' }
16 silly mapToRegistry uri https://registry.npmjs.org/douban.fm
17 verbose addNameTag registry:https://registry.npmjs.org/douban.fm not in flight; fetching
18 verbose request uri https://registry.npmjs.org/douban.fm
19 verbose request no auth needed
20 info attempt registry request try #1 at 11:31:02 PM
21 verbose request id f6c9accf7355dcba
22 http request GET https://registry.npmjs.org/douban.fm
23 http 200 https://registry.npmjs.org/douban.fm
24 verbose headers { server: 'nginx/1.10.3',
24 verbose headers   'content-type': 'application/json',
24 verbose headers   'last-modified': 'Thu, 05 Feb 2015 10:13:10 GMT',
24 verbose headers   etag: 'W/"54d34236-7efb"',
24 verbose headers   'content-encoding': 'gzip',
24 verbose headers   'cache-control': 'max-age=300',
24 verbose headers   'content-length': '6838',
24 verbose headers   'accept-ranges': 'bytes',
24 verbose headers   date: 'Tue, 09 May 2017 15:31:03 GMT',
24 verbose headers   via: '1.1 varnish',
24 verbose headers   age: '0',
24 verbose headers   connection: 'keep-alive',
24 verbose headers   'x-served-by': 'cache-lax8622-LAX',
24 verbose headers   'x-cache': 'MISS',
24 verbose headers   'x-cache-hits': '0',
24 verbose headers   'x-timer': 'S1494343863.159826,VS0,VE177',
24 verbose headers   vary: 'Accept-Encoding' }
25 silly get cb [ 200,
25 silly get   { server: 'nginx/1.10.3',
25 silly get     'content-type': 'application/json',
25 silly get     'last-modified': 'Thu, 05 Feb 2015 10:13:10 GMT',
25 silly get     etag: 'W/"54d34236-7efb"',
25 silly get     'content-encoding': 'gzip',
25 silly get     'cache-control': 'max-age=300',
25 silly get     'content-length': '6838',
25 silly get     'accept-ranges': 'bytes',
25 silly get     date: 'Tue, 09 May 2017 15:31:03 GMT',
25 silly get     via: '1.1 varnish',
25 silly get     age: '0',
25 silly get     connection: 'keep-alive',
25 silly get     'x-served-by': 'cache-lax8622-LAX',
25 silly get     'x-cache': 'MISS',
25 silly get     'x-cache-hits': '0',
25 silly get     'x-timer': 'S1494343863.159826,VS0,VE177',
25 silly get     vary: 'Accept-Encoding' } ]
26 verbose get saving douban.fm to /Users/jerry/.npm/registry.npmjs.org/douban.fm/.cache.json
27 verbose correctMkdir /Users/jerry/.npm correctMkdir not in flight; initializing
28 silly addNameTag next cb for douban.fm with tag latest
29 silly addNamed douban.fm@0.3.0
30 verbose addNamed "0.3.0" is a plain semver version for douban.fm
31 silly mapToRegistry name douban.fm
32 silly mapToRegistry using default registry
33 silly mapToRegistry registry https://registry.npmjs.org/
34 silly mapToRegistry data Result {
34 silly mapToRegistry   raw: 'douban.fm',
34 silly mapToRegistry   scope: null,
34 silly mapToRegistry   name: 'douban.fm',
34 silly mapToRegistry   rawSpec: '',
34 silly mapToRegistry   spec: 'latest',
34 silly mapToRegistry   type: 'tag' }
35 silly mapToRegistry uri https://registry.npmjs.org/douban.fm
36 verbose addRemoteTarball https://registry.npmjs.org/douban.fm/-/douban.fm-0.3.0.tgz not in flight; adding
37 verbose addRemoteTarball [ 'https://registry.npmjs.org/douban.fm/-/douban.fm-0.3.0.tgz',
37 verbose addRemoteTarball   'bd7db1668d8942d2058bd37cda09c71330e9478d' ]
38 info retry fetch attempt 1 at 11:31:03 PM
39 info attempt registry request try #1 at 11:31:03 PM
40 http fetch GET https://registry.npmjs.org/douban.fm/-/douban.fm-0.3.0.tgz
41 http fetch 200 https://registry.npmjs.org/douban.fm/-/douban.fm-0.3.0.tgz
42 silly fetchAndShaCheck shasum bd7db1668d8942d2058bd37cda09c71330e9478d
43 verbose addTmpTarball /var/folders/6f/x9x9bbkn5270269w4rqc7ppc0000gn/T/npm-57915-991bb802/registry.npmjs.org/douban.fm/-/douban.fm-0.3.0.tgz not in flight; adding
44 verbose addTmpTarball already have metadata; skipping unpack for douban.fm@0.3.0
45 verbose correctMkdir /Users/jerry/.npm correctMkdir not in flight; initializing
46 silly cache afterAdd douban.fm@0.3.0
47 verbose afterAdd /Users/jerry/.npm/douban.fm/0.3.0/package/package.json not in flight; writing
48 verbose correctMkdir /Users/jerry/.npm correctMkdir not in flight; initializing
49 verbose afterAdd /Users/jerry/.npm/douban.fm/0.3.0/package/package.json written
50 silly install resolved [ { name: 'douban.fm',
50 silly install resolved     version: '0.3.0',
50 silly install resolved     description: 'a tiny and smart cli player of douban.fm in Node.js',
50 silly install resolved     main: 'index.js',
50 silly install resolved     author: { name: 'turing', email: 'o.u.turing@gmail.com' },
50 silly install resolved     license: 'MIT',
50 silly install resolved     scripts:
50 silly install resolved      { test: 'node_modules/mocha/bin/mocha ./test/test.js',
50 silly install resolved        dev: 'node bin/cli 2>./err.log' },
50 silly install resolved     bin:
50 silly install resolved      { 'douban.fm': 'bin/start.sh',
50 silly install resolved        'dev.douban.fm': 'bin/dev.sh',
50 silly install resolved        'core.douban.fm': 'bin/cli',
50 silly install resolved        doubanfm: 'bin/cli' },
50 silly install resolved     repository:
50 silly install resolved      { type: 'git',
50 silly install resolved        url: 'https://github.com/turingou/douban.fm.git' },
50 silly install resolved     keywords: [ 'fm', 'mp3', 'radio', 'douban', 'player', 'music' ],
50 silly install resolved     bugs: { url: 'https://github.com/turingou/douban.fm/issues' },
50 silly install resolved     dependencies:
50 silly install resolved      { geci: '~0.0.2',
50 silly install resolved        open: '~0.0.5',
50 silly install resolved        player: '0.3.2',
50 silly install resolved        home: '^0.1.3',
50 silly install resolved        async: '^0.9.0',
50 silly install resolved        sprintf: '0.1.3',
50 silly install resolved        fsplus: '^0.1.0',
50 silly install resolved        mkdirp: '~0.3.5',
50 silly install resolved        inquirer: '~0.5.0',
50 silly install resolved        colorful: '2.1.0',
50 silly install resolved        consoler: '^0.2.0',
50 silly install resolved        'douban-sdk': '~0.0.4',
50 silly install resolved        ffmetadata: '~1.0.2',
50 silly install resolved        'node-notifier': '~2.0.4',
50 silly install resolved        'term-list-enhanced': '0.1.0' },
50 silly install resolved     gitHead: '04839e41d8f777a553cf66fa93df725e9a8e9689',
50 silly install resolved     homepage: 'https://github.com/turingou/douban.fm',
50 silly install resolved     _id: 'douban.fm@0.3.0',
50 silly install resolved     _shasum: 'bd7db1668d8942d2058bd37cda09c71330e9478d',
50 silly install resolved     _from: 'douban.fm@latest',
50 silly install resolved     _npmVersion: '1.4.28',
50 silly install resolved     _npmUser: { name: 'turing', email: 'o.u.turing@gmail.com' },
50 silly install resolved     maintainers: [ [Object] ],
50 silly install resolved     dist:
50 silly install resolved      { shasum: 'bd7db1668d8942d2058bd37cda09c71330e9478d',
50 silly install resolved        tarball: 'https://registry.npmjs.org/douban.fm/-/douban.fm-0.3.0.tgz' },
50 silly install resolved     directories: {},
50 silly install resolved     _resolved: 'https://registry.npmjs.org/douban.fm/-/douban.fm-0.3.0.tgz' } ]
51 info install douban.fm@0.3.0 into /usr/local/lib
52 info installOne douban.fm@0.3.0
53 verbose installOne of douban.fm to /usr/local/lib not in flight; installing
54 verbose correctMkdir /Users/jerry/.npm/_locks correctMkdir not in flight; initializing
55 verbose lock using /Users/jerry/.npm/_locks/douban-fm-23d392d4e9112559.lock for /usr/local/lib/node_modules/douban.fm
56 silly install write writing douban.fm 0.3.0 to /usr/local/lib/node_modules/douban.fm
57 verbose unbuild lib/node_modules/douban.fm
58 silly gentlyRm /usr/local/lib/node_modules/douban.fm is being purged from base /usr/local
59 verbose gentlyRm don't care about contents; nuking /usr/local/lib/node_modules/douban.fm
60 verbose tar unpack /Users/jerry/.npm/douban.fm/0.3.0/package.tgz
61 verbose tar unpacking to /usr/local/lib/node_modules/douban.fm
62 silly gentlyRm /usr/local/lib/node_modules/douban.fm is being purged
63 verbose gentlyRm don't care about contents; nuking /usr/local/lib/node_modules/douban.fm
64 silly gunzTarPerm modes [ '755', '644' ]
65 error tar.unpack untar error /Users/jerry/.npm/douban.fm/0.3.0/package.tgz
66 verbose unlock done using /Users/jerry/.npm/_locks/douban-fm-23d392d4e9112559.lock for /usr/local/lib/node_modules/douban.fm
67 verbose fstream_path /usr/local/lib/node_modules/douban.fm
68 verbose fstream_type Directory
69 verbose fstream_class DirWriter
70 verbose stack Error: EACCES: permission denied, mkdir '/usr/local/lib/node_modules/douban.fm'
70 verbose stack     at Error (native)
71 verbose fstream_stack /usr/local/lib/node_modules/npm/node_modules/fstream/lib/dir-writer.js:35:25
71 verbose fstream_stack /usr/local/lib/node_modules/npm/node_modules/mkdirp/index.js:47:53
71 verbose fstream_stack FSReqWrap.oncomplete (fs.js:82:15)
72 verbose cwd /Users/jerry/Documents/ShanghaiTech/Courses/STU-Mine/AI/project/reinforcement
73 error Darwin 15.6.0
74 error argv "/usr/local/bin/node" "/usr/local/bin/npm" "install" "douban.fm" "-g"
75 error node v4.4.3
76 error npm  v2.15.1
77 error path /usr/local/lib/node_modules/douban.fm
78 error code EACCES
79 error errno -13
80 error syscall mkdir
81 error Error: EACCES: permission denied, mkdir '/usr/local/lib/node_modules/douban.fm'
81 error     at Error (native)
81 error  { [Error: EACCES: permission denied, mkdir '/usr/local/lib/node_modules/douban.fm']
81 error   errno: -13,
81 error   code: 'EACCES',
81 error   syscall: 'mkdir',
81 error   path: '/usr/local/lib/node_modules/douban.fm',
81 error   fstream_type: 'Directory',
81 error   fstream_path: '/usr/local/lib/node_modules/douban.fm',
81 error   fstream_class: 'DirWriter',
81 error   fstream_stack:
81 error    [ '/usr/local/lib/node_modules/npm/node_modules/fstream/lib/dir-writer.js:35:25',
81 error      '/usr/local/lib/node_modules/npm/node_modules/mkdirp/index.js:47:53',
81 error      'FSReqWrap.oncomplete (fs.js:82:15)' ] }
82 error Please try running this command again as root/Administrator.
83 verbose exit [ -13, true ]
84 verbose unbuild lib/node_modules/douban.fm
85 silly gentlyRm /usr/local/lib/node_modules/douban.fm is being purged from base /usr/local
86 verbose gentlyRm don't care about contents; nuking /usr/local/lib/node_modules/douban.fm
